#
# A fatal error has been detected by the Java Runtime Environment:
#
#  EXCEPTION_ACCESS_VIOLATION (0xc0000005) at pc=0x000000006ebcf455, pid=11752, tid=0x0000000000002d20
#
# JRE version: Java(TM) SE Runtime Environment (8.0_192-b12) (build 1.8.0_192-b12)
# Java VM: Java HotSpot(TM) 64-Bit Server VM (25.192-b12 mixed mode windows-amd64 compressed oops)
# Problematic frame:
# V  [jvm.dll+0xff455]
#
# Failed to write core dump. Minidumps are not enabled by default on client versions of Windows
#
# If you would like to submit a bug report, please visit:
#   http://bugreport.java.com/bugreport/crash.jsp
#

---------------  T H R E A D  ---------------

Current thread (0x000000001c4f9800):  VMThread [stack: 0x000000001e1e0000,0x000000001e2e0000] [id=11552]

siginfo: ExceptionCode=0xc0000005, reading address 0x0000000000000008

Registers:
RAX=0x0000000000000000, RBX=0x000000001bf4bf98, RCX=0x0000000000000000, RDX=0x0000000000000000
RSP=0x000000001e2df3f0, RBP=0x0000000000000066, RSI=0x000000006f2e3dd0, RDI=0x000000001e2df6d0
R8 =0x0000000000000000, R9 =0x000000001bf4bf98, R10=0x00000000000001b2, R11=0x000000001bf4c3f6
R12=0x0000000000000001, R13=0x0000000000000001, R14=0x00000000000003d8, R15=0x000000001e2df4f0
RIP=0x000000006ebcf455, EFLAGS=0x0000000000010202

Top of Stack: (sp=0x000000001e2df3f0)
0x000000001e2df3f0:   000000001e2df6d0 0000000002af08da
0x000000001e2df400:   000000000000002c 000000006ebd01a9
0x000000001e2df410:   000000001e2df608 000000006ebced6d
0x000000001e2df420:   000000001e2df6d0 0000000000000000
0x000000001e2df430:   00009d9a945f12bf 000000006ebcfa52
0x000000001e2df440:   000000001e2df500 0000000000000001
0x000000001e2df450:   000000001e2df510 000000001e2df6d0
0x000000001e2df460:   000000001e2df540 000000006ebd2680
0x000000001e2df470:   0000000000000066 0000000000000066
0x000000001e2df480:   0000000000000074 000000006ebcf8d6
0x000000001e2df490:   0000000000000066 000000001e2df540
0x000000001e2df4a0:   000000001e2df500 0000000000000074
0x000000001e2df4b0:   000000001bf4c4b8 000000006ebd31df
0x000000001e2df4c0:   000000001e2df6d0 000000001e2df540
0x000000001e2df4d0:   000000001c3854c0 000000001bf4c4b8
0x000000001e2df4e0:   000000000000000a 0000000000000000 

Instructions: (pc=0x000000006ebcf455)
0x000000006ebcf435:   8b d2 e8 34 7f ff ff 48 8b cb 8b d0 e8 3a 78 ff
0x000000006ebcf445:   ff 48 8d 35 83 49 71 00 48 63 c8 48 8b 44 cb 50
0x000000006ebcf455:   0f b6 48 08 8b 05 55 49 71 00 80 f9 4c 74 2b 80
0x000000006ebcf465:   f9 5b 74 26 80 f9 4a 74 18 80 f9 44 74 13 48 8d 


Register to memory mapping:

RAX=0x0000000000000000 is an unknown value
RBX=0x000000001bf4bf98 is pointing into metadata
RCX=0x0000000000000000 is an unknown value
RDX=0x0000000000000000 is an unknown value
RSP=0x000000001e2df3f0 is an unknown value
RBP=0x0000000000000066 is an unknown value
RSI=0x000000006f2e3dd0 is an unknown value
RDI=0x000000001e2df6d0 is an unknown value
R8 =0x0000000000000000 is an unknown value
R9 =0x000000001bf4bf98 is pointing into metadata
R10=0x00000000000001b2 is an unknown value
R11=0x000000001bf4c3f6 is pointing into metadata
R12=0x0000000000000001 is an unknown value
R13=0x0000000000000001 is an unknown value
R14=0x00000000000003d8 is an unknown value
R15=0x000000001e2df4f0 is an unknown value


Stack: [0x000000001e1e0000,0x000000001e2e0000],  sp=0x000000001e2df3f0,  free space=1020k
Native frames: (J=compiled Java code, j=interpreted, Vv=VM code, C=native code)
V  [jvm.dll+0xff455]
V  [jvm.dll+0x102680]
V  [jvm.dll+0x1031df]
V  [jvm.dll+0x103a25]
V  [jvm.dll+0x103c72]
V  [jvm.dll+0xc521e]
V  [jvm.dll+0xc58a8]
V  [jvm.dll+0xc59da]
V  [jvm.dll+0xc5bd8]
V  [jvm.dll+0x10fbca]
V  [jvm.dll+0x12d48f]
V  [jvm.dll+0x1bf6df]
V  [jvm.dll+0x24d2d7]
V  [jvm.dll+0x24c576]
V  [jvm.dll+0x24ca11]
V  [jvm.dll+0x24cc2e]
V  [jvm.dll+0x29f20a]
C  [msvcr100.dll+0x21db7]
C  [msvcr100.dll+0x21e53]
C  [KERNEL32.DLL+0x84d4]
C  [ntdll.dll+0x6e851]

VM_Operation (0x000000001f00f6e0): GetOrSetLocal, mode: safepoint, requested by thread 0x000000001e416800


---------------  P R O C E S S  ---------------

Java Threads: ( => current thread )
  0x000000001e583800 JavaThread "Service Thread" daemon [_thread_blocked, id=2268, stack(0x000000001f610000,0x000000001f710000)]
  0x000000001e4f2800 JavaThread "C1 CompilerThread3" daemon [_thread_blocked, id=3964, stack(0x000000001f510000,0x000000001f610000)]
  0x000000001e4f0000 JavaThread "C2 CompilerThread2" daemon [_thread_blocked, id=6520, stack(0x000000001f410000,0x000000001f510000)]
  0x000000001e4ef000 JavaThread "C2 CompilerThread1" daemon [_thread_blocked, id=1876, stack(0x000000001f310000,0x000000001f410000)]
  0x000000001e4ec800 JavaThread "C2 CompilerThread0" daemon [_thread_blocked, id=6128, stack(0x000000001f210000,0x000000001f310000)]
  0x000000001e423800 JavaThread "JDWP Command Reader" daemon [_thread_in_native, id=9408, stack(0x000000001f110000,0x000000001f210000)]
  0x000000001e420800 JavaThread "JDWP Event Helper Thread" daemon [_thread_blocked, id=752, stack(0x000000001f010000,0x000000001f110000)]
  0x000000001e416800 JavaThread "JDWP Transport Listener: dt_socket" daemon [_thread_blocked, id=14372, stack(0x000000001ef10000,0x000000001f010000)]
  0x000000001e40a000 JavaThread "Attach Listener" daemon [_thread_blocked, id=4760, stack(0x000000001ead0000,0x000000001ebd0000)]
  0x000000001e408800 JavaThread "Signal Dispatcher" daemon [_thread_blocked, id=9244, stack(0x000000001e9d0000,0x000000001ead0000)]
  0x000000001e400800 JavaThread "Finalizer" daemon [_thread_blocked, id=12616, stack(0x000000001e7e0000,0x000000001e8e0000)]
  0x0000000002ae8800 JavaThread "Reference Handler" daemon [_thread_blocked, id=7384, stack(0x000000001e2e0000,0x000000001e3e0000)]
  0x00000000029f2800 JavaThread "main" [_thread_blocked, id=12376, stack(0x0000000002610000,0x0000000002710000)]

Other Threads:
=>0x000000001c4f9800 VMThread [stack: 0x000000001e1e0000,0x000000001e2e0000] [id=11552]
  0x000000001e69d000 WatcherThread [stack: 0x000000001f710000,0x000000001f810000] [id=6124]

VM state:at safepoint (normal execution)

VM Mutex/Monitor currently owned by a thread:  ([mutex/lock_event])
[0x00000000009ee240] Threads_lock - owner thread: 0x000000001c4f9800

heap address: 0x00000006c1e00000, size: 4066 MB, Compressed Oops mode: Zero based, Oop shift amount: 3
Narrow klass base: 0x0000000000000000, Narrow klass shift: 3
Compressed class space size: 1073741824 Address: 0x00000007c0000000

Heap:
 PSYoungGen      total 76288K, used 7921K [0x000000076b500000, 0x0000000770a00000, 0x00000007c0000000)
  eden space 65536K, 12% used [0x000000076b500000,0x000000076bcbc448,0x000000076f500000)
  from space 10752K, 0% used [0x000000076ff80000,0x000000076ff80000,0x0000000770a00000)
  to   space 10752K, 0% used [0x000000076f500000,0x000000076f500000,0x000000076ff80000)
 ParOldGen       total 175104K, used 0K [0x00000006c1e00000, 0x00000006cc900000, 0x000000076b500000)
  object space 175104K, 0% used [0x00000006c1e00000,0x00000006c1e00000,0x00000006cc900000)
 Metaspace       used 4788K, capacity 4994K, committed 5248K, reserved 1056768K
  class space    used 515K, capacity 561K, committed 640K, reserved 1048576K

Card table byte_map: [0x0000000011eb0000,0x00000000126b0000] byte_map_base: 0x000000000e8a1000

Marking Bits: (ParMarkBitMap*) 0x000000006f2f3ce0
 Begin Bits: [0x0000000013400000, 0x0000000017388000)
 End Bits:   [0x0000000017388000, 0x000000001b310000)

Polling page: 0x0000000002710000

CodeCache: size=245760Kb used=1372Kb max_used=1372Kb free=244387Kb
 bounds [0x0000000002af0000, 0x0000000002d60000, 0x0000000011af0000]
 total_blobs=412 nmethods=129 adapters=204
 compilation: enabled

Compilation events (10 events):
Event: 10210.697 Thread 0x000000001e4f2800  125       3       org.eclipse.jdt.launching.internal.org.objectweb.asm.ByteVector::put11 (52 bytes)
Event: 10210.697 Thread 0x000000001e4f2800 nmethod 125 0x0000000002c44b10 code [0x0000000002c44c80, 0x0000000002c44ee8]
Event: 10276.701 Thread 0x000000001e4f2800  126       1       java.security.ProtectionDomain::getCodeSource (5 bytes)
Event: 10276.701 Thread 0x000000001e4f2800 nmethod 126 0x0000000002c44850 code [0x0000000002c449a0, 0x0000000002c44ab0]
Event: 10276.701 Thread 0x000000001e4f2800  127       3       org.eclipse.jdt.launching.internal.org.objectweb.asm.ClassReader::readShort (27 bytes)
Event: 10276.701 Thread 0x000000001e4f2800 nmethod 127 0x0000000002c44450 code [0x0000000002c445a0, 0x0000000002c44750]
Event: 10322.768 Thread 0x000000001e4f2800  128       3       java.lang.String::<init> (10 bytes)
Event: 10322.769 Thread 0x000000001e4f2800 nmethod 128 0x0000000002c44090 code [0x0000000002c441e0, 0x0000000002c443b0]
Event: 10322.769 Thread 0x000000001e4f2800  129       3       org.eclipse.jdt.launching.internal.org.objectweb.asm.MethodWriter::visitVarInsn (302 bytes)
Event: 10322.771 Thread 0x000000001e4f2800 nmethod 129 0x0000000002c46f90 code [0x0000000002c471a0, 0x0000000002c47d68]

GC Heap History (0 events):
No events

Deoptimization events (0 events):
No events

Classes redefined (10 events):
Event: 603.753 Thread 0x000000001c4f9800 redefined class name=homework.Number05, count=3
Event: 661.363 Thread 0x000000001c4f9800 redefined class name=homework.Number05, count=4
Event: 670.196 Thread 0x000000001c4f9800 redefined class name=homework.Number05, count=5
Event: 694.572 Thread 0x000000001c4f9800 redefined class name=homework.Number05, count=6
Event: 710.533 Thread 0x000000001c4f9800 redefined class name=homework.Number05, count=7
Event: 725.251 Thread 0x000000001c4f9800 redefined class name=homework.Number05, count=8
Event: 10112.872 Thread 0x000000001c4f9800 redefined class name=homework.Number05, count=9
Event: 10210.696 Thread 0x000000001c4f9800 redefined class name=homework.Number05, count=10
Event: 10276.702 Thread 0x000000001c4f9800 redefined class name=homework.Number05, count=11
Event: 10322.770 Thread 0x000000001c4f9800 redefined class name=homework.Number05, count=12

Internal exceptions (2 events):
Event: 0.045 Thread 0x00000000029f2800 Exception <a 'java/lang/NoSuchMethodError': Method sun.misc.Unsafe.defineClass(Ljava/lang/String;[BII)Ljava/lang/Class; name or signature does not match> (0x000000076b507cb0) thrown at [C:\workspace\8-2-build-windows-amd64-cygwin\jdk8u192\11897\hotspot\sr
Event: 0.045 Thread 0x00000000029f2800 Exception <a 'java/lang/NoSuchMethodError': Method sun.misc.Unsafe.prefetchRead(Ljava/lang/Object;J)V name or signature does not match> (0x000000076b507f98) thrown at [C:\workspace\8-2-build-windows-amd64-cygwin\jdk8u192\11897\hotspot\src\share\vm\prims\j

Events (10 events):
Event: 10276.781 Executing VM operation: GetCurrentContendedMonitor done
Event: 10322.769 Executing VM operation: RedefineClasses
Event: 10322.770 Executing VM operation: RedefineClasses done
Event: 10322.772 Executing VM operation: ChangeBreakpoints
Event: 10322.772 Executing VM operation: ChangeBreakpoints done
Event: 10322.849 Executing VM operation: GetOwnedMonitorInfo
Event: 10322.849 Executing VM operation: GetOwnedMonitorInfo done
Event: 10322.849 Executing VM operation: GetCurrentContendedMonitor
Event: 10322.849 Executing VM operation: GetCurrentContendedMonitor done
Event: 10350.380 Executing VM operation: GetOrSetLocal


Dynamic libraries:
0x00007ff7b12b0000 - 0x00007ff7b12e7000 	C:\Program Files\Java\jre1.8.0_192\bin\javaw.exe
0x00007ffc51870000 - 0x00007ffc51a40000 	C:\Windows\SYSTEM32\ntdll.dll
0x00007ffc4f250000 - 0x00007ffc4f2fb000 	C:\Windows\System32\KERNEL32.DLL
0x00007ffc4e650000 - 0x00007ffc4e86d000 	C:\Windows\System32\KERNELBASE.dll
0x00007ffc4ee00000 - 0x00007ffc4eea2000 	C:\Windows\System32\ADVAPI32.dll
0x00007ffc4f300000 - 0x00007ffc4f39e000 	C:\Windows\System32\msvcrt.dll
0x00007ffc4fef0000 - 0x00007ffc4ff49000 	C:\Windows\System32\sechost.dll
0x00007ffc4ff50000 - 0x00007ffc50071000 	C:\Windows\System32\RPCRT4.dll
0x00007ffc50080000 - 0x00007ffc501e5000 	C:\Windows\System32\USER32.dll
0x00007ffc4ed70000 - 0x00007ffc4ed8e000 	C:\Windows\System32\win32u.dll
0x00007ffc4f540000 - 0x00007ffc4f574000 	C:\Windows\System32\GDI32.dll
0x00007ffc4ea10000 - 0x00007ffc4eb91000 	C:\Windows\System32\gdi32full.dll
0x00007ffc3c080000 - 0x00007ffc3c2fa000 	C:\Windows\WinSxS\amd64_microsoft.windows.common-controls_6595b64144ccf1df_6.0.14393.2848_none_7ddecd5e83436d8c\COMCTL32.dll
0x00007ffc4eec0000 - 0x00007ffc4f185000 	C:\Windows\System32\combase.dll
0x00007ffc4e910000 - 0x00007ffc4ea04000 	C:\Windows\System32\ucrtbase.dll
0x00007ffc4ed90000 - 0x00007ffc4edfa000 	C:\Windows\System32\bcryptPrimitives.dll
0x00007ffc50260000 - 0x00007ffc5028e000 	C:\Windows\System32\IMM32.DLL
0x000000006e910000 - 0x000000006e9e1000 	C:\Program Files\Java\jre1.8.0_192\bin\msvcr100.dll
0x000000006ead0000 - 0x000000006f373000 	C:\Program Files\Java\jre1.8.0_192\bin\server\jvm.dll
0x00007ffc4f950000 - 0x00007ffc4f958000 	C:\Windows\System32\PSAPI.DLL
0x00007ffc38d10000 - 0x00007ffc38d19000 	C:\Windows\SYSTEM32\WSOCK32.dll
0x00007ffc4c060000 - 0x00007ffc4c083000 	C:\Windows\SYSTEM32\WINMM.dll
0x00007ffc44390000 - 0x00007ffc4439a000 	C:\Windows\SYSTEM32\VERSION.dll
0x00007ffc501f0000 - 0x00007ffc5025a000 	C:\Windows\System32\WS2_32.dll
0x0000000001040000 - 0x000000000106b000 	C:\Windows\SYSTEM32\WINMMBASE.dll
0x00007ffc4de10000 - 0x00007ffc4de52000 	C:\Windows\System32\cfgmgr32.dll
0x00007ffc379f0000 - 0x00007ffc379ff000 	C:\Program Files\Java\jre1.8.0_192\bin\verify.dll
0x00007ffc33a50000 - 0x00007ffc33a79000 	C:\Program Files\Java\jre1.8.0_192\bin\java.dll
0x00007ffc46b20000 - 0x00007ffc46b55000 	C:\Program Files\Java\jre1.8.0_192\bin\jdwp.dll
0x00007ffc4b670000 - 0x00007ffc4b678000 	C:\Program Files\Java\jre1.8.0_192\bin\npt.dll
0x00007ffc46c30000 - 0x00007ffc46c53000 	C:\Program Files\Java\jre1.8.0_192\bin\instrument.dll
0x00007ffc34210000 - 0x00007ffc34226000 	C:\Program Files\Java\jre1.8.0_192\bin\zip.dll
0x00007ffc502f0000 - 0x00007ffc517f5000 	C:\Windows\System32\SHELL32.dll
0x00007ffc4df70000 - 0x00007ffc4e649000 	C:\Windows\System32\windows.storage.dll
0x00007ffc4dd10000 - 0x00007ffc4dd5c000 	C:\Windows\System32\powrprof.dll
0x00007ffc4f1f0000 - 0x00007ffc4f242000 	C:\Windows\System32\shlwapi.dll
0x00007ffc4dd00000 - 0x00007ffc4dd0f000 	C:\Windows\System32\kernel.appcore.dll
0x00007ffc4dd60000 - 0x00007ffc4de09000 	C:\Windows\System32\shcore.dll
0x00007ffc4dce0000 - 0x00007ffc4dcf4000 	C:\Windows\System32\profapi.dll
0x00007ffc4b660000 - 0x00007ffc4b669000 	C:\Program Files\Java\jre1.8.0_192\bin\dt_socket.dll
0x00007ffc3fdb0000 - 0x00007ffc3fdc6000 	C:\Windows\system32\napinsp.dll
0x00007ffc3fd90000 - 0x00007ffc3fdaa000 	C:\Windows\system32\pnrpnsp.dll
0x00007ffc4bfe0000 - 0x00007ffc4bff8000 	C:\Windows\system32\NLAapi.dll
0x00007ffc4d5a0000 - 0x00007ffc4d5fc000 	C:\Windows\System32\mswsock.dll
0x00007ffc4d360000 - 0x00007ffc4d401000 	C:\Windows\SYSTEM32\DNSAPI.dll
0x00007ffc4f920000 - 0x00007ffc4f928000 	C:\Windows\System32\NSI.dll
0x00007ffc4d320000 - 0x00007ffc4d358000 	C:\Windows\SYSTEM32\IPHLPAPI.DLL
0x00007ffc3fd80000 - 0x00007ffc3fd8e000 	C:\Windows\System32\winrnr.dll
0x00007ffc3fd60000 - 0x00007ffc3fd75000 	C:\Windows\System32\wshbth.dll
0x00007ffc49b10000 - 0x00007ffc49b7a000 	C:\Windows\System32\fwpuclnt.dll
0x00007ffc4dc20000 - 0x00007ffc4dc4b000 	C:\Windows\SYSTEM32\bcrypt.dll
0x00007ffc47d20000 - 0x00007ffc47d2a000 	C:\Windows\System32\rasadhlp.dll
0x00007ffc41ce0000 - 0x00007ffc41e72000 	C:\Windows\SYSTEM32\dbghelp.dll

VM Arguments:
jvm_args: -agentlib:jdwp=transport=dt_socket,suspend=y,address=localhost:57825 -javaagent:C:\Users\yon.yen\eclipse\java-2019-09\eclipse\configuration\org.eclipse.osgi\229\0\.cp\lib\javaagent-shaded.jar -Dfile.encoding=Cp1252 
java_command: homework.Number05
java_class_path (initial): C:\Users\yon.yen\Desktop\java\homework\bin;C:\Users\yon.yen\eclipse\java-2019-09\eclipse\configuration\org.eclipse.osgi\229\0\.cp\lib\javaagent-shaded.jar
Launcher Type: SUN_STANDARD

Environment Variables:
JAVA_HOME=C:\Program Files\Java\jdk-12.0.1\bin
PATH=C:/Program Files/Java/jre1.8.0_192/bin/server;C:/Program Files/Java/jre1.8.0_192/bin;C:/Program Files/Java/jre1.8.0_192/lib/amd64;C:\Program Files (x86)\Common Files\Oracle\Java\javapath;C:\Windows\system32;C:\Windows;C:\Windows\System32\Wbem;C:\Windows\System32\WindowsPowerShell\v1.0\;C:\Program Files (x86)\Intel\Intel(R) Management Engine Components\DAL;C:\Program Files\Intel\Intel(R) Management Engine Components\DAL;C:\Program Files\Microsoft VS Code\bin;C:\Program Files\nodejs\;C:\xampp\php;C:\ProgramData\ComposerSetup\bin;C:\Program Files\Git\cmd;C:\src\flutter\bin;C:\Program Files\Java\jdk-12.0.1\bin;C:\Users\yon.yen\AppData\Local\Microsoft\WindowsApps;;C:\Users\yon.yen\Desktop;
USERNAME=yon.yen
OS=Windows_NT
PROCESSOR_IDENTIFIER=Intel64 Family 6 Model 142 Stepping 11, GenuineIntel



---------------  S Y S T E M  ---------------

OS: Windows 10.0 , 64 bit Build 14393 (10.0.14393.2906)

CPU:total 8 (initial active 8) (4 cores per cpu, 2 threads per core) family 6 model 142 stepping 11, cmov, cx8, fxsr, mmx, sse, sse2, sse3, ssse3, sse4.1, sse4.2, popcnt, avx, avx2, aes, clmul, erms, 3dnowpref, lzcnt, ht, tsc, tscinvbit, bmi1, bmi2, adx

Memory: 4k page, physical 16652072k(11707272k free), swap 19142440k(13262316k free)

vm_info: Java HotSpot(TM) 64-Bit Server VM (25.192-b12) for windows-amd64 JRE (1.8.0_192-b12), built on Oct  6 2018 17:12:23 by "java_re" with MS VC++ 10.0 (VS2010)

time: Sun Nov 17 16:33:15 2019
timezone: SE Asia Standard Time
elapsed time: 10350 seconds (0d 2h 52m 30s)

